{
  "stats": {
    "suites": 1,
    "tests": 3,
    "passes": 2,
    "pending": 0,
    "failures": 1,
    "start": "2020-10-27T15:28:58.743Z",
    "end": "2020-10-27T15:29:09.998Z",
    "duration": 11255,
    "testsRegistered": 3,
    "passPercent": 66.66666666666666,
    "pendingPercent": 0,
    "other": 0,
    "hasOther": false,
    "skipped": 0,
    "hasSkipped": false
  },
  "results": [
    {
      "uuid": "fbb0d928-5b1a-4842-96b3-03713a4a8b88",
      "title": "",
      "fullFile": "cypress\\integration\\google_search_failure_spec.js",
      "file": "cypress\\integration\\google_search_failure_spec.js",
      "beforeHooks": [],
      "afterHooks": [],
      "tests": [],
      "suites": [
        {
          "uuid": "7651c67c-73df-446b-a5b5-5b68c47cb217",
          "title": "Google fail search",
          "fullFile": "",
          "file": "",
          "beforeHooks": [],
          "afterHooks": [],
          "tests": [
            {
              "title": "Successfully loads Google.com",
              "fullTitle": "Google fail search Successfully loads Google.com",
              "timedOut": null,
              "duration": 2222,
              "state": "passed",
              "speed": "slow",
              "pass": true,
              "fail": false,
              "pending": false,
              "context": "\"videos/google_search_failure_spec.js.mp4\"",
              "code": "cy.visit('https://www.google.com');",
              "err": {},
              "uuid": "c28072c7-b6e4-4bae-a1ef-2eca17e64a09",
              "parentUUID": "7651c67c-73df-446b-a5b5-5b68c47cb217",
              "isHook": false,
              "skipped": false
            },
            {
              "title": "Search for something strange",
              "fullTitle": "Google fail search Search for something strange",
              "timedOut": null,
              "duration": 2033,
              "state": "passed",
              "speed": "slow",
              "pass": true,
              "fail": false,
              "pending": false,
              "context": "\"videos/google_search_failure_spec.js.mp4\"",
              "code": "cy.get('[name=\"q\"]').type('anqqaxc a57k2..').should('have.value', 'anqqaxc a57k2..').type('{enter}');",
              "err": {},
              "uuid": "77fedb67-7a11-4f8e-930d-5d399d5d8814",
              "parentUUID": "7651c67c-73df-446b-a5b5-5b68c47cb217",
              "isHook": false,
              "skipped": false
            },
            {
              "title": "Expect more than 1000 results",
              "fullTitle": "Google fail search Expect more than 1000 results",
              "timedOut": null,
              "duration": 4676,
              "state": "failed",
              "speed": null,
              "pass": false,
              "fail": true,
              "pending": false,
              "context": "[\n  \"videos/google_search_failure_spec.js.mp4\",\n  \"assets/google_search_failure_spec.js/Google fail search -- Expect more than 1000 results (failed).png\"\n]",
              "code": "cy.get('[id=\"result-stats\"]').contains('100 results');",
              "err": {
                "message": "AssertionError: Timed out retrying: Expected to find content: '100 results' within the element: <div#result-stats> but never did.",
                "estack": "AssertionError: Timed out retrying: Expected to find content: '100 results' within the element: <div#result-stats> but never did.\n    at Context.eval (https://www.google.com/__cypress/tests?p=cypress\\integration\\google_search_failure_spec.js:12:35)",
                "diff": null
              },
              "uuid": "3d9ec7d3-1e42-4f26-a395-cd49983d190e",
              "parentUUID": "7651c67c-73df-446b-a5b5-5b68c47cb217",
              "isHook": false,
              "skipped": false
            }
          ],
          "suites": [],
          "passes": [
            "c28072c7-b6e4-4bae-a1ef-2eca17e64a09",
            "77fedb67-7a11-4f8e-930d-5d399d5d8814"
          ],
          "failures": [
            "3d9ec7d3-1e42-4f26-a395-cd49983d190e"
          ],
          "pending": [],
          "skipped": [],
          "duration": 8931,
          "root": false,
          "rootEmpty": false,
          "_timeout": 2000
        }
      ],
      "passes": [],
      "failures": [],
      "pending": [],
      "skipped": [],
      "duration": 0,
      "root": true,
      "rootEmpty": true,
      "_timeout": 2000
    }
  ],
  "meta": {
    "mocha": {
      "version": "7.0.1"
    },
    "mochawesome": {
      "options": {
        "quiet": false,
        "reportFilename": "mochawesome",
        "saveHtml": false,
        "saveJson": true,
        "consoleReporter": "spec",
        "useInlineDiffs": false,
        "code": true
      },
      "version": "6.1.1"
    },
    "marge": {
      "options": {
        "id": "default",
        "reportDir": "cypress/reports/mocha/",
        "overwrite": false,
        "html": false,
        "json": true,
        "timestamp": "mmddyyyy_HHMMss"
      },
      "version": "5.1.0"
    }
  }
}