{
  "stats": {
    "suites": 1,
    "tests": 2,
    "passes": 2,
    "pending": 0,
    "failures": 0,
    "start": "2020-10-27T15:01:23.880Z",
    "end": "2020-10-27T15:01:31.345Z",
    "duration": 7465,
    "testsRegistered": 2,
    "passPercent": 100,
    "pendingPercent": 0,
    "other": 0,
    "hasOther": false,
    "skipped": 0,
    "hasSkipped": false
  },
  "results": [
    {
      "uuid": "3393f0d4-802e-4e56-8966-d448ef4b2997",
      "title": "",
      "fullFile": "cypress\\integration\\google_search_success_spec.js",
      "file": "cypress\\integration\\google_search_success_spec.js",
      "beforeHooks": [],
      "afterHooks": [],
      "tests": [],
      "suites": [
        {
          "uuid": "788333da-9659-4f78-a45f-28523128a691",
          "title": "Google success search",
          "fullFile": "",
          "file": "",
          "beforeHooks": [],
          "afterHooks": [],
          "tests": [
            {
              "title": "Successfully loads Google.com",
              "fullTitle": "Google success search Successfully loads Google.com",
              "timedOut": null,
              "duration": 1661,
              "state": "passed",
              "speed": "slow",
              "pass": true,
              "fail": false,
              "pending": false,
              "context": "\"videos/google_search_success_spec.js.mp4\"",
              "code": "cy.visit('https://www.google.com');",
              "err": {},
              "uuid": "9045f0f9-5615-4ff0-8a77-4331a282d44a",
              "parentUUID": "788333da-9659-4f78-a45f-28523128a691",
              "isHook": false,
              "skipped": false
            },
            {
              "title": "Search for a video",
              "fullTitle": "Google success search Search for a video",
              "timedOut": null,
              "duration": 3919,
              "state": "passed",
              "speed": "slow",
              "pass": true,
              "fail": false,
              "pending": false,
              "context": "\"videos/google_search_success_spec.js.mp4\"",
              "code": "cy.get('[name=\"q\"]').type('never gonna give you up youtube').should('have.value', 'never gonna give you up youtube').type('{enter}');",
              "err": {},
              "uuid": "214048c6-92a9-45cb-a9f1-e3a56e2d3e11",
              "parentUUID": "788333da-9659-4f78-a45f-28523128a691",
              "isHook": false,
              "skipped": false
            }
          ],
          "suites": [],
          "passes": [
            "9045f0f9-5615-4ff0-8a77-4331a282d44a",
            "214048c6-92a9-45cb-a9f1-e3a56e2d3e11"
          ],
          "failures": [],
          "pending": [],
          "skipped": [],
          "duration": 5580,
          "root": false,
          "rootEmpty": false,
          "_timeout": 2000
        }
      ],
      "passes": [],
      "failures": [],
      "pending": [],
      "skipped": [],
      "duration": 0,
      "root": true,
      "rootEmpty": true,
      "_timeout": 2000
    }
  ],
  "meta": {
    "mocha": {
      "version": "7.0.1"
    },
    "mochawesome": {
      "options": {
        "quiet": false,
        "reportFilename": "mochawesome",
        "saveHtml": false,
        "saveJson": true,
        "consoleReporter": "spec",
        "useInlineDiffs": false,
        "code": true
      },
      "version": "6.1.1"
    },
    "marge": {
      "options": {
        "id": "default",
        "reportDir": "cypress/reports/mocha/",
        "overwrite": false,
        "html": false,
        "json": true,
        "timestamp": "mmddyyyy_HHMMss"
      },
      "version": "5.1.0"
    }
  }
}