{
  "stats": {
    "suites": 1,
    "tests": 2,
    "passes": 2,
    "pending": 0,
    "failures": 0,
    "start": "2020-10-27T15:29:15.914Z",
    "end": "2020-10-27T15:29:23.875Z",
    "duration": 7961,
    "testsRegistered": 2,
    "passPercent": 100,
    "pendingPercent": 0,
    "other": 0,
    "hasOther": false,
    "skipped": 0,
    "hasSkipped": false
  },
  "results": [
    {
      "uuid": "4749c2ad-b358-4b6a-9ddb-18b3f18c1fcc",
      "title": "",
      "fullFile": "cypress\\integration\\google_search_success_spec.js",
      "file": "cypress\\integration\\google_search_success_spec.js",
      "beforeHooks": [],
      "afterHooks": [],
      "tests": [],
      "suites": [
        {
          "uuid": "ffaf243c-b2ba-47ca-9e66-7d83e0d54503",
          "title": "Google success search",
          "fullFile": "",
          "file": "",
          "beforeHooks": [],
          "afterHooks": [],
          "tests": [
            {
              "title": "Successfully loads Google.com",
              "fullTitle": "Google success search Successfully loads Google.com",
              "timedOut": null,
              "duration": 2016,
              "state": "passed",
              "speed": "slow",
              "pass": true,
              "fail": false,
              "pending": false,
              "context": "\"videos/google_search_success_spec.js.mp4\"",
              "code": "cy.visit('https://www.google.com');",
              "err": {},
              "uuid": "2148ca25-72a4-489a-9280-a3ec22acc63f",
              "parentUUID": "ffaf243c-b2ba-47ca-9e66-7d83e0d54503",
              "isHook": false,
              "skipped": false
            },
            {
              "title": "Search for a video",
              "fullTitle": "Google success search Search for a video",
              "timedOut": null,
              "duration": 4110,
              "state": "passed",
              "speed": "slow",
              "pass": true,
              "fail": false,
              "pending": false,
              "context": "\"videos/google_search_success_spec.js.mp4\"",
              "code": "cy.get('[name=\"q\"]').type('never gonna give you up youtube').should('have.value', 'never gonna give you up youtube').type('{enter}');",
              "err": {},
              "uuid": "695d49c4-7263-4feb-b361-94d532b47936",
              "parentUUID": "ffaf243c-b2ba-47ca-9e66-7d83e0d54503",
              "isHook": false,
              "skipped": false
            }
          ],
          "suites": [],
          "passes": [
            "2148ca25-72a4-489a-9280-a3ec22acc63f",
            "695d49c4-7263-4feb-b361-94d532b47936"
          ],
          "failures": [],
          "pending": [],
          "skipped": [],
          "duration": 6126,
          "root": false,
          "rootEmpty": false,
          "_timeout": 2000
        }
      ],
      "passes": [],
      "failures": [],
      "pending": [],
      "skipped": [],
      "duration": 0,
      "root": true,
      "rootEmpty": true,
      "_timeout": 2000
    }
  ],
  "meta": {
    "mocha": {
      "version": "7.0.1"
    },
    "mochawesome": {
      "options": {
        "quiet": false,
        "reportFilename": "mochawesome",
        "saveHtml": false,
        "saveJson": true,
        "consoleReporter": "spec",
        "useInlineDiffs": false,
        "code": true
      },
      "version": "6.1.1"
    },
    "marge": {
      "options": {
        "id": "default",
        "reportDir": "cypress/reports/mocha/",
        "overwrite": false,
        "html": false,
        "json": true,
        "timestamp": "mmddyyyy_HHMMss"
      },
      "version": "5.1.0"
    }
  }
}