{
  "stats": {
    "suites": 1,
    "tests": 1,
    "passes": 0,
    "pending": 0,
    "failures": 1,
    "start": "2020-10-30T01:37:01.221Z",
    "end": "2020-10-30T01:37:04.344Z",
    "duration": 3123,
    "testsRegistered": 1,
    "passPercent": 0,
    "pendingPercent": 0,
    "other": 0,
    "hasOther": false,
    "skipped": 0,
    "hasSkipped": false
  },
  "results": [
    {
      "uuid": "868e56c2-7ba8-4b87-a220-0414c4d43685",
      "title": "",
      "fullFile": "cypress\\integration\\test.spec.js",
      "file": "cypress\\integration\\test.spec.js",
      "beforeHooks": [],
      "afterHooks": [],
      "tests": [],
      "suites": [
        {
          "uuid": "5368d4ed-a5a3-490d-8ba5-adbeaa28ccd8",
          "title": "Cadastro de planos",
          "fullFile": "",
          "file": "",
          "beforeHooks": [],
          "afterHooks": [],
          "tests": [
            {
              "title": "Cadastro de planos",
              "fullTitle": "Cadastro de planos Cadastro de planos",
              "timedOut": null,
              "duration": 3054,
              "state": "failed",
              "speed": null,
              "pass": false,
              "fail": true,
              "pending": false,
              "context": null,
              "code": "//    cy.get('nav > .nav > :nth-child(2) > .menu-link').click();       \n//    cy.get('#objetivo-17058 > .m-0 > .m-b-3 > .flex > .bg-branco > .row > .col-12 > .btn').click()\n//    cy.get('#form-objetivo-17058 > .row > .col-12:nth-child(2) > .bg-branco > .form-control').click()\n//    cy.get('#form-objetivo-17058 > .row > .col-12:nth-child(3) > .bg-branco > .form-control').click()\n//    cy.get('#form-objetivo-17058 > .row > .col-auto > .bg-branco > .row > .col-12 > .input-group > .form-control').click()\n//    cy.get('body > .daterangepicker:nth-child(24) > .drp-buttons > .applyBtn').click()\n//    cy.get('#form-objetivo-17058 > .row:nth-child(2) > .col-auto:nth-child(4) > .bg-branco:nth-child(1) > .row:nth-child(3) > .col-12:nth-child(1) > .periodo-monitoramento:nth-child(1) > .row:nth-child(1) > .col-12:nth-child(1) .fa:nth-child(1)').click()\n//    cy.get('#form-objetivo-17058 > .row:nth-child(2) > .col-auto:nth-child(4) > .bg-branco:nth-child(1) > .row:nth-child(3) > .col-12:nth-child(1) > .periodo-monitoramento:nth-child(1) > .row:nth-child(1) li:nth-child(3) .text:nth-child(1)').click()\n//    cy.get('.periodo-monitoramento > .row > .col-12 > .open > #monitoramento').select('SE')\n//    cy.get('.row > .col-xs-12 > #planosAcordion > .panel > .grupo-custom-collapse-titulo:nth-child(3)').click()\n//    cy.get('.main-content > .bg-branco > .form-cadastro-projeto > .row:nth-child(3) > .col-xs-12').click()\n//    cy.get('#objetivo-17059 > .m-0 > .m-b-3 > .flex > .bg-branco > .row > .col-12 > .btn').click()\n//    cy.get('#form-objetivo-17058 > .row > .flex-1 > .height-100 > .btn > .fas').click()\n//    cy.get('body > #toast-container > .toast > .toast-message').click()\n//    cy.get('#form-objetivo-17059 > .row > .col-12:nth-child(2) > .bg-branco > .form-control').click()\n//    cy.get('#form-objetivo-17059 > .row > .col-12:nth-child(3) > .bg-branco > .form-control').click()\n//    cy.get('#form-objetivo-17059 > .row > .col-auto > .bg-branco > .row > .col-12 > .input-group > .form-control').click()\n//    cy.get('body > .daterangepicker:nth-child(30) > .drp-buttons > .applyBtn').click()\n//    cy.get('#form-objetivo-17059 > .row:nth-child(2) > .col-auto:nth-child(4) > .bg-branco:nth-child(1) > .row:nth-child(3) > .col-12:nth-child(1) > .periodo-monitoramento:nth-child(1) > .row:nth-child(1) > .col-12:nth-child(1) .fa:nth-child(1)').click()\n//    cy.get('#form-objetivo-17059 > .row:nth-child(2) > .col-auto:nth-child(4) > .bg-branco:nth-child(1) > .row:nth-child(3) > .col-12:nth-child(1) > .periodo-monitoramento:nth-child(1) > .row:nth-child(1) li:nth-child(3) .text:nth-child(1)').click()\n//    cy.get('.periodo-monitoramento > .row > .col-12 > .open > #monitoramento').select('SE')\n//    cy.get('#form-objetivo-17059 > .row > .flex-1 > .height-100 > .btn > .fas').click()\n//    cy.get('body > #toast-container > .toast > .toast-message').click()\n//    cy.get('.navegacao-lateral-flex > .navegacao-lateral > ul > .li-navegacao-lateral:nth-child(5) > a').click()\ncy.get('nav > .nav > li:nth-child(2) > .menu-link').click();\ncy.get('.open .informacoes-internas:nth-child(1) li:nth-child(1) > a').click();\ncy.url().should('contains', 'https://app.bussolasocial.com.br/projeto-novo');\ncy.visit('https://app.bussolasocial.com.br/projeto-novo');\ncy.get('.navbar-btn:nth-child(2)').click();\ncy.get('#nomeProjeto').click().type('6576');\ncy.get('#filtrarProjeto').click();\ncy.get('#filtroProjetoListagem').submit();\ncy.get('.projeto-nome').should('be.visible');\ncy.url().should('contains', '6576');\ncy.get('.projeto-nome > a').click();\ncy.url().should('contains', 'https://app.bussolasocial.com.br/projeto-novo/6576');\ncy.get('.btn-group > .btn-default:nth-child(1)').click();\ncy.url().should('contains', 'https://app.bussolasocial.com.br/projeto-novo/6576/cadastro');\ncy.get('.li-navegacao-lateral:nth-child(4) > a').click();\ncy.url().should('contains', 'https://app.bussolasocial.com.br/projeto-novo/6576/cadastro/planos');\ncy.get('.adicionar-nova-acao').click();\ncy.get('.col-12:nth-child(2) > .bg-branco > .form-control').click();\ncy.get('.col-12:nth-child(2) > .bg-branco > .form-control').type('Nova Acao');\ncy.get('.col-12:nth-child(3) .form-control').click();\ncy.get('.col-12:nth-child(3) .form-control').type('{backspace}');\ncy.get('.col-12:nth-child(3) .form-control').type('Resultado');\ncy.xpath('//*[@id=\"form-objetivo-17132\"]/div/div[4]/div/div[2]/div/div/div').click().type('23/10/2020 - 18/11/2020');\ncy.get('body > .daterangepicker:nth-child(25) > .drp-buttons > .applyBtn').click();\ncy.get('.bs-caret').click();\ncy.get('li:nth-child(3) .text').click();\ncy.get('#ponto').click();\ncy.get('#ponto').type('10');\ncy.get('.salvar-icon').click();\ncy.get('#form-objetivo-17132').submit();",
              "err": {
                "message": "CypressError: `cy.type()` can only accept a string or number. You passed in: `undefined`\n\nhttps://on.cypress.io/type\n\nBecause this error occurred during a `before each` hook we are skipping the remaining tests in the current suite: `Cadastro de planos`",
                "estack": "CypressError: `cy.type()` can only accept a string or number. You passed in: `undefined`\n\nhttps://on.cypress.io/type\n\nBecause this error occurred during a `before each` hook we are skipping the remaining tests in the current suite: `Cadastro de planos`\n    at Context.type (https://app.bussolasocial.com.br/__cypress/runner/cypress_runner.js:153682:17)\n    at Context.<anonymous> (https://app.bussolasocial.com.br/__cypress/runner/cypress_runner.js:169891:21)\nFrom Your Spec Code:\n    at Context.eval (https://app.bussolasocial.com.br/__cypress/tests?p=cypress\\support\\index.js:107:20)",
                "diff": null
              },
              "uuid": "57928d47-98ae-4a42-a08f-014eeae9496f",
              "parentUUID": "5368d4ed-a5a3-490d-8ba5-adbeaa28ccd8",
              "isHook": false,
              "skipped": false
            }
          ],
          "suites": [],
          "passes": [],
          "failures": [
            "57928d47-98ae-4a42-a08f-014eeae9496f"
          ],
          "pending": [],
          "skipped": [],
          "duration": 3054,
          "root": false,
          "rootEmpty": false,
          "_timeout": 2000
        }
      ],
      "passes": [],
      "failures": [],
      "pending": [],
      "skipped": [],
      "duration": 0,
      "root": true,
      "rootEmpty": true,
      "_timeout": 2000
    }
  ],
  "meta": {
    "mocha": {
      "version": "7.0.1"
    },
    "mochawesome": {
      "options": {
        "quiet": false,
        "reportFilename": "mochawesome",
        "saveHtml": true,
        "saveJson": true,
        "consoleReporter": "spec",
        "useInlineDiffs": false,
        "code": true
      },
      "version": "6.1.1"
    },
    "marge": {
      "options": {
        "configFile": "mocha-config.json",
        "mochaFile": "./reports/junit/junit.[hash].xml"
      },
      "version": "5.1.0"
    }
  }
}